14:59:21 scenario.file.loc[Ljava.lang.String;@589b3632
14:59:21 loading feature file: /Users/jackz/Downloads/Quantum_Jack/src/main/resources/scenarios/webSearch.feature
14:59:21 Excluded SCENARIO - Search Quantum:null
14:59:21 Excluded SCENARIO - Search Quantum with results:null
14:59:21 Excluded SCENARIO - Search Keyword Inline Data:null
14:59:21 Excluded SCENARIO - Search Keyword XML Data:null
14:59:21 Excluded SCENARIO - Search Keyword CSV Data:null
14:59:21 loading feature file: /Users/jackz/Downloads/Quantum_Jack/src/main/resources/scenarios/cignatest.feature
14:59:21 loading feature file: /Users/jackz/Downloads/Quantum_Jack/src/main/resources/scenarios/appiumCalc.feature
14:59:21 Excluded SCENARIO - Appium Example Scenario:null
14:59:21 total test found: 1
14:59:21 scenario.file.loc[Ljava.lang.String;@6973b51b
14:59:21 loading feature file: /Users/jackz/Downloads/Quantum_Jack/src/main/resources/scenarios/webSearch.feature
14:59:21 Excluded SCENARIO - Search Quantum:null
14:59:21 Excluded SCENARIO - Search Quantum with results:null
14:59:21 Excluded SCENARIO - Search Keyword Inline Data:null
14:59:21 Excluded SCENARIO - Search Keyword XML Data:null
14:59:21 Excluded SCENARIO - Search Keyword CSV Data:null
14:59:21 loading feature file: /Users/jackz/Downloads/Quantum_Jack/src/main/resources/scenarios/cignatest.feature
14:59:21 loading feature file: /Users/jackz/Downloads/Quantum_Jack/src/main/resources/scenarios/appiumCalc.feature
14:59:21 Excluded SCENARIO - Appium Example Scenario:null
14:59:21 total test found: 1
14:59:21 scenario.file.loc[Ljava.lang.String;@2e005c4b
14:59:21 loading feature file: /Users/jackz/Downloads/Quantum_Jack/src/main/resources/scenarios/webSearch.feature
14:59:21 Excluded SCENARIO - Search Quantum:null
14:59:21 Excluded SCENARIO - Search Quantum with results:null
14:59:21 Excluded SCENARIO - Search Keyword Inline Data:null
14:59:21 Excluded SCENARIO - Search Keyword XML Data:null
14:59:21 Excluded SCENARIO - Search Keyword CSV Data:null
14:59:21 loading feature file: /Users/jackz/Downloads/Quantum_Jack/src/main/resources/scenarios/cignatest.feature
14:59:21 loading feature file: /Users/jackz/Downloads/Quantum_Jack/src/main/resources/scenarios/appiumCalc.feature
14:59:21 Excluded SCENARIO - Appium Example Scenario:null
14:59:21 total test found: 1
14:59:21 scenario.file.loc[Ljava.lang.String;@38c6f217
14:59:21 loading feature file: /Users/jackz/Downloads/Quantum_Jack/src/main/resources/scenarios/webSearch.feature
14:59:21 Excluded SCENARIO - Search Quantum:null
14:59:21 Excluded SCENARIO - Search Quantum with results:null
14:59:21 Excluded SCENARIO - Search Keyword Inline Data:null
14:59:21 Excluded SCENARIO - Search Keyword XML Data:null
14:59:21 Excluded SCENARIO - Search Keyword CSV Data:null
14:59:21 loading feature file: /Users/jackz/Downloads/Quantum_Jack/src/main/resources/scenarios/cignatest.feature
14:59:21 loading feature file: /Users/jackz/Downloads/Quantum_Jack/src/main/resources/scenarios/appiumCalc.feature
14:59:21 Excluded SCENARIO - Appium Example Scenario:null
14:59:21 total test found: 1
14:59:21 scenario.file.loc[Ljava.lang.String;@1bd4fdd
14:59:21 loading feature file: /Users/jackz/Downloads/Quantum_Jack/src/main/resources/scenarios/webSearch.feature
14:59:21 Excluded SCENARIO - Search Quantum:null
14:59:21 Excluded SCENARIO - Search Quantum with results:null
14:59:21 Excluded SCENARIO - Search Keyword Inline Data:null
14:59:21 Excluded SCENARIO - Search Keyword XML Data:null
14:59:21 Excluded SCENARIO - Search Keyword CSV Data:null
14:59:21 loading feature file: /Users/jackz/Downloads/Quantum_Jack/src/main/resources/scenarios/cignatest.feature
14:59:21 loading feature file: /Users/jackz/Downloads/Quantum_Jack/src/main/resources/scenarios/appiumCalc.feature
14:59:21 Excluded SCENARIO - Appium Example Scenario:null
14:59:21 total test found: 1
14:59:21 scenario.file.loc[Ljava.lang.String;@a1153bc
14:59:21 loading feature file: /Users/jackz/Downloads/Quantum_Jack/src/main/resources/scenarios/webSearch.feature
14:59:21 Excluded SCENARIO - Search Quantum:null
14:59:21 Excluded SCENARIO - Search Quantum with results:null
14:59:21 Excluded SCENARIO - Search Keyword Inline Data:null
14:59:21 Excluded SCENARIO - Search Keyword XML Data:null
14:59:21 Excluded SCENARIO - Search Keyword CSV Data:null
14:59:21 loading feature file: /Users/jackz/Downloads/Quantum_Jack/src/main/resources/scenarios/cignatest.feature
14:59:21 loading feature file: /Users/jackz/Downloads/Quantum_Jack/src/main/resources/scenarios/appiumCalc.feature
14:59:21 Excluded SCENARIO - Appium Example Scenario:null
14:59:21 total test found: 1
14:59:39 

Executing scenario: FindDocInCigna - 
14:59:39 pkg: com.qmetry.qaf.automation.step
14:59:40 pkg: com.quantum.steps
14:59:40 Found duplicate step to load [] with [lower] prority then []
14:59:40 Found duplicate step to load [] with [lower] prority then []
14:59:40 Found duplicate step to load [] with [lower] prority then []
14:59:40 Found duplicate step to load [] with [lower] prority then []
14:59:40 Found duplicate step to load [] with [lower] prority then []
14:59:40 Found duplicate step to load [] with [higher] prority then []
14:59:40 Invoking Teststep: Given I open browser to webpage "https://www.cigna.com/" with arguments: [https://www.cigna.com/]
14:59:42 Completed Teststep: Given I open browser to webpage "https://www.cigna.com/" with arguments: [https://www.cigna.com/]
14:59:42 Invoking Teststep: And I wait "15" seconds to see the text "YOU SMILE" with arguments: [15, YOU SMILE]
14:59:45 

Executing scenario: FindDocInCigna - 
14:59:45 pkg: com.qmetry.qaf.automation.step
14:59:45 pkg: com.quantum.steps
14:59:45 Found duplicate step to load [] with [lower] prority then []
14:59:45 Found duplicate step to load [] with [lower] prority then []
14:59:45 Found duplicate step to load [] with [lower] prority then []
14:59:45 Found duplicate step to load [] with [lower] prority then []
14:59:45 Found duplicate step to load [] with [lower] prority then []
14:59:45 Found duplicate step to load [] with [higher] prority then []
14:59:45 Invoking Teststep: Given I open browser to webpage "https://www.cigna.com/" with arguments: [https://www.cigna.com/]
14:59:53 Completed Teststep: Given I open browser to webpage "https://www.cigna.com/" with arguments: [https://www.cigna.com/]
14:59:53 Invoking Teststep: And I wait "15" seconds to see the text "YOU SMILE" with arguments: [15, YOU SMILE]
14:59:55 

Executing scenario: FindDocInCigna - 
14:59:55 pkg: com.qmetry.qaf.automation.step
14:59:55 pkg: com.quantum.steps
14:59:55 Found duplicate step to load [] with [lower] prority then []
14:59:55 Found duplicate step to load [] with [lower] prority then []
14:59:55 Found duplicate step to load [] with [lower] prority then []
14:59:55 Found duplicate step to load [] with [lower] prority then []
14:59:55 Found duplicate step to load [] with [lower] prority then []
14:59:55 Found duplicate step to load [] with [higher] prority then []
14:59:55 Invoking Teststep: Given I open browser to webpage "https://www.cigna.com/" with arguments: [https://www.cigna.com/]
14:59:56 Completed Teststep: Given I open browser to webpage "https://www.cigna.com/" with arguments: [https://www.cigna.com/]
14:59:56 Invoking Teststep: And I wait "15" seconds to see the text "YOU SMILE" with arguments: [15, YOU SMILE]
14:59:59 

Executing scenario: FindDocInCigna - 
14:59:59 pkg: com.qmetry.qaf.automation.step
14:59:59 pkg: com.quantum.steps
14:59:59 Found duplicate step to load [] with [lower] prority then []
14:59:59 Found duplicate step to load [] with [lower] prority then []
14:59:59 Found duplicate step to load [] with [lower] prority then []
14:59:59 Found duplicate step to load [] with [lower] prority then []
14:59:59 Found duplicate step to load [] with [lower] prority then []
14:59:59 Found duplicate step to load [] with [higher] prority then []
14:59:59 Invoking Teststep: Given I open browser to webpage "https://www.cigna.com/" with arguments: [https://www.cigna.com/]
15:00:07 

Executing scenario: FindDocInCigna - 
15:00:07 pkg: com.qmetry.qaf.automation.step
15:00:07 pkg: com.quantum.steps
15:00:07 Found duplicate step to load [] with [lower] prority then []
15:00:07 Found duplicate step to load [] with [lower] prority then []
15:00:07 Found duplicate step to load [] with [lower] prority then []
15:00:07 Found duplicate step to load [] with [lower] prority then []
15:00:07 Found duplicate step to load [] with [lower] prority then []
15:00:07 Found duplicate step to load [] with [higher] prority then []
15:00:07 Invoking Teststep: Given I open browser to webpage "https://www.cigna.com/" with arguments: [https://www.cigna.com/]
15:00:07 Completed Teststep: Given I open browser to webpage "https://www.cigna.com/" with arguments: [https://www.cigna.com/]
15:00:07 Invoking Teststep: And I wait "15" seconds to see the text "YOU SMILE" with arguments: [15, YOU SMILE]
15:00:16 Completed Teststep: Given I open browser to webpage "https://www.cigna.com/" with arguments: [https://www.cigna.com/]
15:00:16 Invoking Teststep: And I wait "15" seconds to see the text "YOU SMILE" with arguments: [15, YOU SMILE]
15:00:17 Completed Teststep: And I wait "15" seconds to see the text "YOU SMILE" with arguments: [15, YOU SMILE]
15:00:17 Invoking Teststep: Then I click on "learnMoreGlobal" with arguments: [learnMoreGlobal]
15:00:20 Completed Teststep: And I wait "15" seconds to see the text "YOU SMILE" with arguments: [15, YOU SMILE]
15:00:20 Invoking Teststep: Then I click on "learnMoreGlobal" with arguments: [learnMoreGlobal]
15:00:21 Completed Teststep: And I wait "15" seconds to see the text "YOU SMILE" with arguments: [15, YOU SMILE]
15:00:21 Invoking Teststep: Then I click on "learnMoreGlobal" with arguments: [learnMoreGlobal]
15:00:22 Completed Teststep: Then I click on "learnMoreGlobal" with arguments: [learnMoreGlobal]
15:00:22 Invoking Teststep: And I wait "15" seconds to see the text "International" with arguments: [15, International]
15:00:23 Completed Teststep: Then I click on "learnMoreGlobal" with arguments: [learnMoreGlobal]
15:00:23 Invoking Teststep: And I wait "15" seconds to see the text "International" with arguments: [15, International]
15:00:25 Completed Teststep: And I wait "15" seconds to see the text "YOU SMILE" with arguments: [15, YOU SMILE]
15:00:25 Invoking Teststep: Then I click on "learnMoreGlobal" with arguments: [learnMoreGlobal]
15:00:27 Completed Teststep: Then I click on "learnMoreGlobal" with arguments: [learnMoreGlobal]
15:00:27 Invoking Teststep: And I wait "15" seconds to see the text "International" with arguments: [15, International]
15:00:29 Completed Teststep: And I wait "15" seconds to see the text "International" with arguments: [15, International]
15:00:29 Invoking Teststep: Then I click on "individualLearnMore" with arguments: [individualLearnMore]
15:00:31 Completed Teststep: And I wait "15" seconds to see the text "YOU SMILE" with arguments: [15, YOU SMILE]
15:00:31 Invoking Teststep: Then I click on "learnMoreGlobal" with arguments: [learnMoreGlobal]
15:00:32 Failure Teststep: Then I click on "learnMoreGlobal" with arguments: [learnMoreGlobal]
org.openqa.selenium.WebDriverException: unknown error: Element <a class="pointed-arrow cigna-green-logo" href="javascript:void(0);">...</a> is not clickable at point (194, 817). Other element would receive the click: <div id="oo_invitation_overlay" class="no_loading"></div>
  (Session info: chrome=65.0.3325.146)
  (Driver info: chromedriver=2.33.506120 (e3e53437346286c0bc2d2dc9aa4915ba81d9023f),platform=Windows NT 6.3.9600 x86_64) (WARNING: The server did not provide any stacktrace information)
Command duration or timeout: 108 milliseconds
Build info: version: '3.0.1', revision: '1969d75', time: '2016-10-18 09:48:19 -0700'
System info: host: 'WIN-TNJVQV25AJF', ip: '100.66.152.151', os.name: 'Windows Server 2012 R2', os.arch: 'amd64', os.version: '6.3', java.version: '1.8.0_66'
Driver info: org.openqa.selenium.chrome.ChromeDriver
Capabilities [{applicationCacheEnabled=false, rotatable=false, mobileEmulationEnabled=false, networkConnectionEnabled=false, chrome={chromedriverVersion=2.33.506120 (e3e53437346286c0bc2d2dc9aa4915ba81d9023f), userDataDir=C:\Users\Perfecto\AppData\Local\Temp\1\scoped_dir4704_14141}, takesHeapSnapshot=true, pageLoadStrategy=normal, databaseEnabled=false, handlesAlerts=true, hasTouchScreen=false, version=65.0.3325.146, platform=WIN8_1, browserConnectionEnabled=false, nativeEvents=true, acceptSslCerts=true, locationContextEnabled=true, webStorageEnabled=true, browserName=chrome, takesScreenshot=true, javascriptEnabled=true, cssSelectorsEnabled=true, setWindowRect=true, unexpectedAlertBehaviour=}]
Session ID: da0d87a90055e537d058dbf21bedae89
Build info: version: '3.6.0', revision: '6fbf3ec767', time: '2017-09-27T15:28:36.4Z'
System info: host: 'd054f3f257fa', ip: '172.18.0.4', os.name: 'Linux', os.arch: 'amd64', os.version: '4.4.0-47-generic', java.version: '1.8.0_131'
Driver info: driver.version: RemoteWebDriver
Command duration or timeout: 1.66 seconds
Build info: version: '2.53.1', revision: 'a36b8b1cd5757287168e54b817830adce9b0158d', time: '2016-06-30 19:26:09'
System info: host: 'NB-JACKZ-OSX.local', ip: '172.21.31.29', os.name: 'Mac OS X', os.arch: 'x86_64', os.version: '10.13.4', java.version: '1.8.0_111'
Driver info: com.qmetry.qaf.automation.ui.webdriver.QAFExtendedWebDriver
Capabilities [{reportPdfUrl=https://demo.reporting.perfectomobile.com/export/api/v1/test-executions/pdf?externalId[0]=jackz@perfectomobile.com_RemoteWebDriver_18-03-09_19_59_23_20593&_timestamp[0]=1520625563741, deviceName=1_26814EEA-4989-49F1-997D-526E3853876E, platform=ANY, password=, deviceSessionId=jackz@perfectomobile.com_RemoteWebDriver_18-03-09_19_59_23_20593, platformVersion=8.1, browserVersion=latest, automationName=Appium, host=demo.perfectomobile.com, singleTestReportUrl=https://demo.reporting.perfectomobile.com?externalId[0]=jackz@perfectomobile.com_RemoteWebDriver_18-03-09_19_59_23_20593&_timestamp[0]=1520625563741, takesScreenshot=true, browserName=Chrome, javascriptEnabled=true, platformName=Windows, rotatable=true, testGridReportUrl=https://demo.reporting.perfectomobile.com?externalId[0]=jackz@perfectomobile.com_RemoteWebDriver_18-03-09_19_59_23_20593&_timestamp[0]=1520625563741, entityType=remote_web_driver, serverConnector=, securityToken=, executionId=jackz@perfectomobile.com_RemoteWebDriver_18-03-09_19_59_23_20593, webdriver.remote.sessionid=8387614e-a55a-4db8-ba41-6602cead479e, locationContextEnabled=true, scriptName=RemoteWebDriver, reportKey=jackz@perfectomobile.com_RemoteWebDriver_18-03-09_19_59_23_20593, windTunnelReportUrl=https://demo.reporting.perfectomobile.com?externalId[0]=jackz@perfectomobile.com_RemoteWebDriver_18-03-09_19_59_23_20593&_timestamp[0]=1520625563741, user=, cssSelectorsEnabled=true}]
Session ID: 8387614e-a55a-4db8-ba41-6602cead479e
	at sun.reflect.NativeConstructorAccessorImpl.newInstance0(Native Method)
	at sun.reflect.NativeConstructorAccessorImpl.newInstance(NativeConstructorAccessorImpl.java:62)
	at sun.reflect.DelegatingConstructorAccessorImpl.newInstance(DelegatingConstructorAccessorImpl.java:45)
	at java.lang.reflect.Constructor.newInstance(Constructor.java:423)
	at org.openqa.selenium.remote.ErrorHandler.createThrowable(ErrorHandler.java:206)
	at org.openqa.selenium.remote.ErrorHandler.throwIfResponseFailed(ErrorHandler.java:158)
	at org.openqa.selenium.remote.RemoteWebDriver.execute(RemoteWebDriver.java:678)
	at com.qmetry.qaf.automation.ui.webdriver.QAFExtendedWebDriver.executeWitoutLog(QAFExtendedWebDriver.java:256)
	at com.qmetry.qaf.automation.ui.webdriver.QAFExtendedWebElement.execute(QAFExtendedWebElement.java:252)
	at org.openqa.selenium.remote.RemoteWebElement.click(RemoteWebElement.java:85)
	at com.qmetry.qaf.automation.step.CommonStep.click_aroundBody50(CommonStep.java:648)
	at com.qmetry.qaf.automation.step.CommonStep$AjcClosure51.run(CommonStep.java:1)
	at org.aspectj.runtime.reflect.JoinPointImpl.proceed(JoinPointImpl.java:149)
	at com.qmetry.qaf.automation.step.JavaStepReporter.javaTestStep(JavaStepReporter.java:101)
	at com.qmetry.qaf.automation.step.CommonStep.click(CommonStep.java:647)
	at com.quantum.steps.PerfectoApplicationSteps.iClick(PerfectoApplicationSteps.java:242)
	at sun.reflect.NativeMethodAccessorImpl.invoke0(Native Method)
	at sun.reflect.NativeMethodAccessorImpl.invoke(NativeMethodAccessorImpl.java:62)
	at sun.reflect.DelegatingMethodAccessorImpl.invoke(DelegatingMethodAccessorImpl.java:43)
	at java.lang.reflect.Method.invoke(Method.java:498)
	at com.qmetry.qaf.automation.step.JavaStep.doExecute(JavaStep.java:160)
	at com.qmetry.qaf.automation.step.BaseTestStep.execute(BaseTestStep.java:149)
	at com.qmetry.qaf.automation.step.StringTestStep.execute(StringTestStep.java:134)
	at com.qmetry.qaf.automation.step.client.Scenario.execute(Scenario.java:167)
	at com.qmetry.qaf.automation.step.client.Scenario.scenario(Scenario.java:219)
	at sun.reflect.NativeMethodAccessorImpl.invoke0(Native Method)
	at sun.reflect.NativeMethodAccessorImpl.invoke(NativeMethodAccessorImpl.java:62)
	at sun.reflect.DelegatingMethodAccessorImpl.invoke(DelegatingMethodAccessorImpl.java:43)
	at java.lang.reflect.Method.invoke(Method.java:498)
	at org.testng.internal.MethodInvocationHelper.invokeMethod(MethodInvocationHelper.java:104)
	at org.testng.internal.Invoker.invokeMethod(Invoker.java:645)
	at org.testng.internal.Invoker.invokeTestMethod(Invoker.java:851)
	at org.testng.internal.Invoker.invokeTestMethods(Invoker.java:1177)
	at org.testng.internal.TestMethodWorker.invokeTestMethods(TestMethodWorker.java:129)
	at org.testng.internal.TestMethodWorker.run(TestMethodWorker.java:112)
	at org.testng.TestRunner.privateRun(TestRunner.java:781)
	at org.testng.TestRunner.run(TestRunner.java:635)
	at org.testng.SuiteRunner.runTest(SuiteRunner.java:387)
	at org.testng.SuiteRunner.access$000(SuiteRunner.java:39)
	at org.testng.SuiteRunner$SuiteWorker.run(SuiteRunner.java:421)
	at org.testng.internal.thread.ThreadUtil$2.call(ThreadUtil.java:64)
	at java.util.concurrent.FutureTask.run(FutureTask.java:266)
	at java.util.concurrent.ThreadPoolExecutor.runWorker(ThreadPoolExecutor.java:1142)
	at java.util.concurrent.ThreadPoolExecutor$Worker.run(ThreadPoolExecutor.java:617)
	at java.lang.Thread.run(Thread.java:745)
Caused by: org.openqa.selenium.WebDriverException: unknown error: Element <a class="pointed-arrow cigna-green-logo" href="javascript:void(0);">...</a> is not clickable at point (194, 817). Other element would receive the click: <div id="oo_invitation_overlay" class="no_loading"></div>
  (Session info: chrome=65.0.3325.146)
  (Driver info: chromedriver=2.33.506120 (e3e53437346286c0bc2d2dc9aa4915ba81d9023f),platform=Windows NT 6.3.9600 x86_64) (WARNING: The server did not provide any stacktrace information)
Command duration or timeout: 108 milliseconds
Build info: version: '3.0.1', revision: '1969d75', time: '2016-10-18 09:48:19 -0700'
System info: host: 'WIN-TNJVQV25AJF', ip: '100.66.152.151', os.name: 'Windows Server 2012 R2', os.arch: 'amd64', os.version: '6.3', java.version: '1.8.0_66'
Driver info: org.openqa.selenium.chrome.ChromeDriver
Capabilities [{applicationCacheEnabled=false, rotatable=false, mobileEmulationEnabled=false, networkConnectionEnabled=false, chrome={chromedriverVersion=2.33.506120 (e3e53437346286c0bc2d2dc9aa4915ba81d9023f), userDataDir=C:\Users\Perfecto\AppData\Local\Temp\1\scoped_dir4704_14141}, takesHeapSnapshot=true, pageLoadStrategy=normal, databaseEnabled=false, handlesAlerts=true, hasTouchScreen=false, version=65.0.3325.146, platform=WIN8_1, browserConnectionEnabled=false, nativeEvents=true, acceptSslCerts=true, locationContextEnabled=true, webStorageEnabled=true, browserName=chrome, takesScreenshot=true, javascriptEnabled=true, cssSelectorsEnabled=true, setWindowRect=true, unexpectedAlertBehaviour=}]
Session ID: da0d87a90055e537d058dbf21bedae89
Build info: version: '3.6.0', revision: '6fbf3ec767', time: '2017-09-27T15:28:36.4Z'
System info: host: 'd054f3f257fa', ip: '172.18.0.4', os.name: 'Linux', os.arch: 'amd64', os.version: '4.4.0-47-generic', java.version: '1.8.0_131'
Driver info: driver.version: RemoteWebDriver
Build info: version: '2.53.1', revision: 'a36b8b1cd5757287168e54b817830adce9b0158d', time: '2016-06-30 19:26:09'
System info: host: 'NB-JACKZ-OSX.local', ip: '172.21.31.29', os.name: 'Mac OS X', os.arch: 'x86_64', os.version: '10.13.4', java.version: '1.8.0_111'
Driver info: driver.version: RemoteWebDriver
	at sun.reflect.NativeConstructorAccessorImpl.newInstance0(Native Method)
	at sun.reflect.NativeConstructorAccessorImpl.newInstance(Unknown Source)
	at sun.reflect.DelegatingConstructorAccessorImpl.newInstance(Unknown Source)
	at java.lang.reflect.Constructor.newInstance(Unknown Source)
	at org.openqa.selenium.remote.ErrorHandler.createThrowable(ErrorHandler.java:216)
	at org.openqa.selenium.remote.ErrorHandler.throwIfResponseFailed(ErrorHandler.java:168)
	at org.openqa.selenium.remote.RemoteWebDriver.execute(RemoteWebDriver.java:635)
	at org.openqa.selenium.remote.RemoteWebElement.execute(RemoteWebElement.java:274)
	at org.openqa.selenium.remote.RemoteWebElement.click(RemoteWebElement.java:84)
	at sun.reflect.NativeMethodAccessorImpl.invoke0(Native Method)
	at sun.reflect.NativeMethodAccessorImpl.invoke(Unknown Source)
	at sun.reflect.DelegatingMethodAccessorImpl.invoke(Unknown Source)
	at java.lang.reflect.Method.invoke(Unknown Source)
	at org.openqa.selenium.support.events.EventFiringWebDriver$EventFiringWebElement$1.invoke(EventFiringWebDriver.java:331)
	at com.sun.proxy.$Proxy5.click(Unknown Source)
	at org.openqa.selenium.support.events.EventFiringWebDriver$EventFiringWebElement.click(EventFiringWebDriver.java:344)
	at sun.reflect.NativeMethodAccessorImpl.invoke0(Native Method)
	at sun.reflect.NativeMethodAccessorImpl.invoke(Unknown Source)
	at sun.reflect.DelegatingMethodAccessorImpl.invoke(Unknown Source)
	at java.lang.reflect.Method.invoke(Unknown Source)
	at org.openqa.selenium.remote.server.KnownElements$1.invoke(KnownElements.java:64)
	at com.sun.proxy.$Proxy6.click(Unknown Source)
	at org.openqa.selenium.remote.server.handler.ClickElement.call(ClickElement.java:30)
	at org.openqa.selenium.remote.server.handler.ClickElement.call(ClickElement.java:22)
	at java.util.concurrent.FutureTask.run(Unknown Source)
	at org.openqa.selenium.remote.server.DefaultSession$1.run(DefaultSession.java:176)
	at java.util.concurrent.ThreadPoolExecutor.runWorker(Unknown Source)
	at java.util.concurrent.ThreadPoolExecutor$Worker.run(Unknown Source)
	at java.lang.Thread.run(Unknown Source)
15:00:32 Completed Teststep: Then I click on "learnMoreGlobal" with arguments: [learnMoreGlobal]
15:00:32 Competed scenario: FindDocInCigna with status FAILURE
15:00:34 Completed Teststep: Then I click on "individualLearnMore" with arguments: [individualLearnMore]
15:00:34 Invoking Teststep: And I wait "15" seconds to see the text "Quote" with arguments: [15, Quote]
15:00:36 Failure Teststep: Then I click on "learnMoreGlobal" with arguments: [learnMoreGlobal]
org.openqa.selenium.TimeoutException: Timed out after 15 seconds waiting for presence of element located by: By.xpath: //*[@id="1387201104245"]/div/div/div[1]/div[1]/div/div[3]/a
Build info: version: '2.53.1', revision: 'a36b8b1cd5757287168e54b817830adce9b0158d', time: '2016-06-30 19:26:09'
System info: host: 'NB-JACKZ-OSX.local', ip: '172.21.31.29', os.name: 'Mac OS X', os.arch: 'x86_64', os.version: '10.13.4', java.version: '1.8.0_111'
Driver info: driver.version: QAFExtendedWebDriver
	at org.openqa.selenium.support.ui.FluentWait.timeoutException(FluentWait.java:292)
	at org.openqa.selenium.support.ui.FluentWait.until(FluentWait.java:261)
	at com.qmetry.qaf.automation.ui.webdriver.QAFExtendedWebDriver.load(QAFExtendedWebDriver.java:214)
	at com.qmetry.qaf.automation.ui.webdriver.QAFExtendedWebElement.load(QAFExtendedWebElement.java:284)
	at com.qmetry.qaf.automation.ui.webdriver.QAFExtendedWebElement.execute(QAFExtendedWebElement.java:239)
	at org.openqa.selenium.remote.RemoteWebElement.click(RemoteWebElement.java:85)
	at com.qmetry.qaf.automation.step.CommonStep.click_aroundBody50(CommonStep.java:648)
	at com.qmetry.qaf.automation.step.CommonStep$AjcClosure51.run(CommonStep.java:1)
	at org.aspectj.runtime.reflect.JoinPointImpl.proceed(JoinPointImpl.java:149)
	at com.qmetry.qaf.automation.step.JavaStepReporter.javaTestStep(JavaStepReporter.java:101)
	at com.qmetry.qaf.automation.step.CommonStep.click(CommonStep.java:647)
	at com.quantum.steps.PerfectoApplicationSteps.iClick(PerfectoApplicationSteps.java:242)
	at sun.reflect.NativeMethodAccessorImpl.invoke0(Native Method)
	at sun.reflect.NativeMethodAccessorImpl.invoke(NativeMethodAccessorImpl.java:62)
	at sun.reflect.DelegatingMethodAccessorImpl.invoke(DelegatingMethodAccessorImpl.java:43)
	at java.lang.reflect.Method.invoke(Method.java:498)
	at com.qmetry.qaf.automation.step.JavaStep.doExecute(JavaStep.java:160)
	at com.qmetry.qaf.automation.step.BaseTestStep.execute(BaseTestStep.java:149)
	at com.qmetry.qaf.automation.step.StringTestStep.execute(StringTestStep.java:134)
	at com.qmetry.qaf.automation.step.client.Scenario.execute(Scenario.java:167)
	at com.qmetry.qaf.automation.step.client.Scenario.scenario(Scenario.java:219)
	at sun.reflect.NativeMethodAccessorImpl.invoke0(Native Method)
	at sun.reflect.NativeMethodAccessorImpl.invoke(NativeMethodAccessorImpl.java:62)
	at sun.reflect.DelegatingMethodAccessorImpl.invoke(DelegatingMethodAccessorImpl.java:43)
	at java.lang.reflect.Method.invoke(Method.java:498)
	at org.testng.internal.MethodInvocationHelper.invokeMethod(MethodInvocationHelper.java:104)
	at org.testng.internal.Invoker.invokeMethod(Invoker.java:645)
	at org.testng.internal.Invoker.invokeTestMethod(Invoker.java:851)
	at org.testng.internal.Invoker.invokeTestMethods(Invoker.java:1177)
	at org.testng.internal.TestMethodWorker.invokeTestMethods(TestMethodWorker.java:129)
	at org.testng.internal.TestMethodWorker.run(TestMethodWorker.java:112)
	at org.testng.TestRunner.privateRun(TestRunner.java:781)
	at org.testng.TestRunner.run(TestRunner.java:635)
	at org.testng.SuiteRunner.runTest(SuiteRunner.java:387)
	at org.testng.SuiteRunner.access$000(SuiteRunner.java:39)
	at org.testng.SuiteRunner$SuiteWorker.run(SuiteRunner.java:421)
	at org.testng.internal.thread.ThreadUtil$2.call(ThreadUtil.java:64)
	at java.util.concurrent.FutureTask.run(FutureTask.java:266)
	at java.util.concurrent.ThreadPoolExecutor.runWorker(ThreadPoolExecutor.java:1142)
	at java.util.concurrent.ThreadPoolExecutor$Worker.run(ThreadPoolExecutor.java:617)
	at java.lang.Thread.run(Thread.java:745)
Caused by: org.openqa.selenium.NoSuchElementException: Unable to find element with xpath == //*[@id="1387201104245"]/div/div/div[1]/div[1]/div/div[3]/a (WARNING: The server did not provide any stacktrace information)
Command duration or timeout: 296 milliseconds
For documentation on this error, please visit: http://seleniumhq.org/exceptions/no_such_element.html
Build info: version: '3.4.0', revision: 'unknown', time: 'unknown'
System info: host: 'WIN-TNJVQV25AJF', ip: '100.66.135.176', os.name: 'Windows Server 2012 R2', os.arch: 'amd64', os.version: '6.3', java.version: '1.8.0_66'
Driver info: org.openqa.selenium.ie.InternetExplorerDriver
Capabilities [{se:ieOptions={browserAttachTimeout=0.0, ie.enableFullPageScreenshot=true, enablePersistentHover=true, ie.forceCreateProcessApi=false, ie.forceShellWindowsApi=false, ignoreZoomSetting=false, ie.fileUploadDialogTimeout=3000.0, ie.useLegacyFileUploadDialogHandling=false, nativeEvents=true, ie.ensureCleanSession=true, elementScrollBehavior=0.0, ie.browserCommandLineSwitches=, requireWindowFocus=false, initialBrowserUrl=http://localhost:12837/, ignoreProtectedModeSettings=false, enableElementCacheCleanup=true}, browserName=internet explorer, pageLoadStrategy=normal, javascriptEnabled=true, version=11, platform=WINDOWS, unexpectedAlertBehaviour=dismiss}]
Session ID: bc595bbb-3769-41b0-974b-4951daa8fc80
*** Element info: {Using=xpath, value=//*[@id="1387201104245"]/div/div/div[1]/div[1]/div/div[3]/a}
For documentation on this error, please visit: http://seleniumhq.org/exceptions/no_such_element.html
Build info: version: '3.6.0', revision: '6fbf3ec767', time: '2017-09-27T15:28:36.4Z'
System info: host: 'd054f3f257fa', ip: '172.18.0.4', os.name: 'Linux', os.arch: 'amd64', os.version: '4.4.0-47-generic', java.version: '1.8.0_131'
Driver info: driver.version: EventFiringWebDriver
Command duration or timeout: 606 milliseconds
For documentation on this error, please visit: http://seleniumhq.org/exceptions/no_such_element.html
Build info: version: '2.53.1', revision: 'a36b8b1cd5757287168e54b817830adce9b0158d', time: '2016-06-30 19:26:09'
System info: host: 'NB-JACKZ-OSX.local', ip: '172.21.31.29', os.name: 'Mac OS X', os.arch: 'x86_64', os.version: '10.13.4', java.version: '1.8.0_111'
Driver info: com.qmetry.qaf.automation.ui.webdriver.QAFExtendedWebDriver
Capabilities [{reportPdfUrl=https://demo.reporting.perfectomobile.com/export/api/v1/test-executions/pdf?externalId[0]=jackz@perfectomobile.com_RemoteWebDriver_18-03-09_19_59_23_20594&_timestamp[0]=1520625563759, deviceName=1_A646D353-2103-4565-97BC-70281440EA1E, platform=ANY, password=, deviceSessionId=jackz@perfectomobile.com_RemoteWebDriver_18-03-09_19_59_23_20594, platformVersion=8.1, browserVersion=latest, automationName=Appium, host=demo.perfectomobile.com, singleTestReportUrl=https://demo.reporting.perfectomobile.com?externalId[0]=jackz@perfectomobile.com_RemoteWebDriver_18-03-09_19_59_23_20594&_timestamp[0]=1520625563759, takesScreenshot=true, browserName=Internet Explorer, javascriptEnabled=true, platformName=Windows, rotatable=true, testGridReportUrl=https://demo.reporting.perfectomobile.com?externalId[0]=jackz@perfectomobile.com_RemoteWebDriver_18-03-09_19_59_23_20594&_timestamp[0]=1520625563759, entityType=remote_web_driver, serverConnector=, securityToken=, executionId=jackz@perfectomobile.com_RemoteWebDriver_18-03-09_19_59_23_20594, webdriver.remote.sessionid=cb97dce7-f065-4925-9edd-91d7ffd31eda, locationContextEnabled=true, scriptName=RemoteWebDriver, reportKey=jackz@perfectomobile.com_RemoteWebDriver_18-03-09_19_59_23_20594, windTunnelReportUrl=https://demo.reporting.perfectomobile.com?externalId[0]=jackz@perfectomobile.com_RemoteWebDriver_18-03-09_19_59_23_20594&_timestamp[0]=1520625563759, user=, cssSelectorsEnabled=true}]
Session ID: cb97dce7-f065-4925-9edd-91d7ffd31eda
*** Element info: {Using=xpath, value=//*[@id="1387201104245"]/div/div/div[1]/div[1]/div/div[3]/a}
	at sun.reflect.NativeConstructorAccessorImpl.newInstance0(Native Method)
	at sun.reflect.NativeConstructorAccessorImpl.newInstance(NativeConstructorAccessorImpl.java:62)
	at sun.reflect.DelegatingConstructorAccessorImpl.newInstance(DelegatingConstructorAccessorImpl.java:45)
	at java.lang.reflect.Constructor.newInstance(Constructor.java:423)
	at org.openqa.selenium.remote.ErrorHandler.createThrowable(ErrorHandler.java:206)
	at org.openqa.selenium.remote.ErrorHandler.throwIfResponseFailed(ErrorHandler.java:158)
	at org.openqa.selenium.remote.RemoteWebDriver.execute(RemoteWebDriver.java:678)
	at com.qmetry.qaf.automation.ui.webdriver.QAFExtendedWebDriver.execute(QAFExtendedWebDriver.java:234)
	at org.openqa.selenium.remote.RemoteWebDriver.findElement(RemoteWebDriver.java:363)
	at org.openqa.selenium.remote.RemoteWebDriver.findElementByXPath(RemoteWebDriver.java:500)
	at com.qmetry.qaf.automation.ui.webdriver.QAFExtendedWebDriver.findElementByXPath(QAFExtendedWebDriver.java:398)
	at com.qmetry.qaf.automation.ui.webdriver.QAFExtendedWebDriver.findElementByXPath(QAFExtendedWebDriver.java:1)
	at org.openqa.selenium.By$ByXPath.findElement(By.java:361)
	at org.openqa.selenium.remote.RemoteWebDriver.findElement(RemoteWebDriver.java:355)
	at com.qmetry.qaf.automation.ui.webdriver.QAFExtendedWebDriver.findElement(QAFExtendedWebDriver.java:169)
	at com.qmetry.qaf.automation.ui.webdriver.QAFExtendedWebDriver.findElement(QAFExtendedWebDriver.java:1)
	at org.openqa.selenium.support.ui.ExpectedConditions.findElement(ExpectedConditions.java:899)
	at org.openqa.selenium.support.ui.ExpectedConditions.access$000(ExpectedConditions.java:41)
	at org.openqa.selenium.support.ui.ExpectedConditions$6.apply(ExpectedConditions.java:181)
	at org.openqa.selenium.support.ui.ExpectedConditions$6.apply(ExpectedConditions.java:178)
	at org.openqa.selenium.support.ui.FluentWait.until(FluentWait.java:238)
	... 39 more
Caused by: org.openqa.selenium.NoSuchElementException: Unable to find element with xpath == //*[@id="1387201104245"]/div/div/div[1]/div[1]/div/div[3]/a (WARNING: The server did not provide any stacktrace information)
Command duration or timeout: 296 milliseconds
For documentation on this error, please visit: http://seleniumhq.org/exceptions/no_such_element.html
Build info: version: '3.4.0', revision: 'unknown', time: 'unknown'
System info: host: 'WIN-TNJVQV25AJF', ip: '100.66.135.176', os.name: 'Windows Server 2012 R2', os.arch: 'amd64', os.version: '6.3', java.version: '1.8.0_66'
Driver info: org.openqa.selenium.ie.InternetExplorerDriver
Capabilities [{se:ieOptions={browserAttachTimeout=0.0, ie.enableFullPageScreenshot=true, enablePersistentHover=true, ie.forceCreateProcessApi=false, ie.forceShellWindowsApi=false, ignoreZoomSetting=false, ie.fileUploadDialogTimeout=3000.0, ie.useLegacyFileUploadDialogHandling=false, nativeEvents=true, ie.ensureCleanSession=true, elementScrollBehavior=0.0, ie.browserCommandLineSwitches=, requireWindowFocus=false, initialBrowserUrl=http://localhost:12837/, ignoreProtectedModeSettings=false, enableElementCacheCleanup=true}, browserName=internet explorer, pageLoadStrategy=normal, javascriptEnabled=true, version=11, platform=WINDOWS, unexpectedAlertBehaviour=dismiss}]
Session ID: bc595bbb-3769-41b0-974b-4951daa8fc80
*** Element info: {Using=xpath, value=//*[@id="1387201104245"]/div/div/div[1]/div[1]/div/div[3]/a}
For documentation on this error, please visit: http://seleniumhq.org/exceptions/no_such_element.html
Build info: version: '3.6.0', revision: '6fbf3ec767', time: '2017-09-27T15:28:36.4Z'
System info: host: 'd054f3f257fa', ip: '172.18.0.4', os.name: 'Linux', os.arch: 'amd64', os.version: '4.4.0-47-generic', java.version: '1.8.0_131'
Driver info: driver.version: EventFiringWebDriver
For documentation on this error, please visit: http://seleniumhq.org/exceptions/no_such_element.html
Build info: version: '2.53.1', revision: 'a36b8b1cd5757287168e54b817830adce9b0158d', time: '2016-06-30 19:26:09'
System info: host: 'NB-JACKZ-OSX.local', ip: '172.21.31.29', os.name: 'Mac OS X', os.arch: 'x86_64', os.version: '10.13.4', java.version: '1.8.0_111'
Driver info: driver.version: EventFiringWebDriver
	at sun.reflect.NativeConstructorAccessorImpl.newInstance0(Native Method)
	at sun.reflect.NativeConstructorAccessorImpl.newInstance(Unknown Source)
	at sun.reflect.DelegatingConstructorAccessorImpl.newInstance(Unknown Source)
	at java.lang.reflect.Constructor.newInstance(Unknown Source)
	at org.openqa.selenium.remote.ErrorHandler.createThrowable(ErrorHandler.java:215)
	at org.openqa.selenium.remote.ErrorHandler.throwIfResponseFailed(ErrorHandler.java:167)
	at org.openqa.selenium.remote.RemoteWebDriver.execute(RemoteWebDriver.java:671)
	at org.openqa.selenium.remote.RemoteWebDriver.findElement(RemoteWebDriver.java:410)
	at org.openqa.selenium.remote.RemoteWebDriver.findElementByXPath(RemoteWebDriver.java:509)
	at org.openqa.selenium.By$ByXPath.findElement(By.java:361)
	at org.openqa.selenium.remote.RemoteWebDriver.findElement(RemoteWebDriver.java:402)
	at sun.reflect.NativeMethodAccessorImpl.invoke0(Native Method)
	at sun.reflect.NativeMethodAccessorImpl.invoke(Unknown Source)
	at sun.reflect.DelegatingMethodAccessorImpl.invoke(Unknown Source)
	at java.lang.reflect.Method.invoke(Unknown Source)
	at org.openqa.selenium.support.events.EventFiringWebDriver$2.invoke(EventFiringWebDriver.java:104)
	at com.sun.proxy.$Proxy4.findElement(Unknown Source)
	at org.openqa.selenium.support.events.EventFiringWebDriver.findElement(EventFiringWebDriver.java:188)
	at org.openqa.selenium.remote.server.handler.FindElement.call(FindElement.java:48)
	at org.openqa.selenium.remote.server.handler.FindElement.call(FindElement.java:33)
	at java.util.concurrent.FutureTask.run(Unknown Source)
	at org.openqa.selenium.remote.server.DefaultSession$1.run(DefaultSession.java:176)
	at java.util.concurrent.ThreadPoolExecutor.runWorker(Unknown Source)
	at java.util.concurrent.ThreadPoolExecutor$Worker.run(Unknown Source)
	at java.lang.Thread.run(Unknown Source)
15:00:36 Completed Teststep: Then I click on "learnMoreGlobal" with arguments: [learnMoreGlobal]
15:00:36 Competed scenario: FindDocInCigna with status FAILURE
15:00:40 Completed Teststep: And I wait "15" seconds to see the text "International" with arguments: [15, International]
15:00:40 Invoking Teststep: Then I click on "individualLearnMore" with arguments: [individualLearnMore]
15:00:42 Completed Teststep: Then I click on "individualLearnMore" with arguments: [individualLearnMore]
15:00:42 Invoking Teststep: And I wait "15" seconds to see the text "Quote" with arguments: [15, Quote]
15:00:46 Completed Teststep: And I wait "15" seconds to see the text "Quote" with arguments: [15, Quote]
15:00:46 Invoking Teststep: Then I click on "getAQuote" with arguments: [getAQuote]
15:00:48 Completed Teststep: And I wait "15" seconds to see the text "International" with arguments: [15, International]
15:00:48 Invoking Teststep: Then I click on "individualLearnMore" with arguments: [individualLearnMore]
15:00:48 Completed Teststep: Then I click on "getAQuote" with arguments: [getAQuote]
15:00:48 Invoking Teststep: And I wait for "5" seconds with arguments: [5]
15:00:50 Completed Teststep: Then I click on "individualLearnMore" with arguments: [individualLearnMore]
15:00:50 Invoking Teststep: And I wait "15" seconds to see the text "Quote" with arguments: [15, Quote]
15:00:54 Completed Teststep: And I wait for "5" seconds with arguments: [5]
15:00:54 Invoking Teststep: And I enter "John" to "FNameInput" with arguments: [John, FNameInput]
15:00:54 Completed Teststep: And I enter "John" to "FNameInput" with arguments: [John, FNameInput]
15:00:54 Invoking Teststep: And I enter "Jobs" to "LNameInput" with arguments: [Jobs, LNameInput]
15:00:54 Completed Teststep: And I enter "Jobs" to "LNameInput" with arguments: [Jobs, LNameInput]
15:00:54 Invoking Teststep: And I enter "test@email.com" to "EmailInput" with arguments: [test@email.com, EmailInput]
15:00:55 Completed Teststep: And I enter "test@email.com" to "EmailInput" with arguments: [test@email.com, EmailInput]
15:00:55 Invoking Teststep: And I click on "daySelector" with arguments: [daySelector]
15:00:55 Completed Teststep: And I click on "daySelector" with arguments: [daySelector]
15:00:55 Invoking Teststep: And I click on "monthSelector" with arguments: [monthSelector]
15:00:56 Completed Teststep: And I click on "monthSelector" with arguments: [monthSelector]
15:00:56 Invoking Teststep: And I click on "yearSelector" with arguments: [yearSelector]
15:00:56 Completed Teststep: And I wait "15" seconds to see the text "Quote" with arguments: [15, Quote]
15:00:56 Invoking Teststep: Then I click on "getAQuote" with arguments: [getAQuote]
15:00:56 Completed Teststep: And I click on "yearSelector" with arguments: [yearSelector]
15:00:56 Invoking Teststep: And I click on "codeSelector" with arguments: [codeSelector]
15:00:56 Completed Teststep: And I click on "codeSelector" with arguments: [codeSelector]
15:00:56 Invoking Teststep: And I enter "8888888888" to "phoneNumInput" with arguments: [8888888888, phoneNumInput]
15:00:57 Completed Teststep: And I enter "8888888888" to "phoneNumInput" with arguments: [8888888888, phoneNumInput]
15:00:57 Invoking Teststep: And I click on "nationSelector" with arguments: [nationSelector]
15:00:57 Completed Teststep: And I click on "nationSelector" with arguments: [nationSelector]
15:00:57 Invoking Teststep: And I click on "livingSelector" with arguments: [livingSelector]
15:00:57 Completed Teststep: And I click on "livingSelector" with arguments: [livingSelector]
15:00:57 Invoking Teststep: And I click on "currencySelector" with arguments: [currencySelector]
15:00:58 Completed Teststep: Then I click on "getAQuote" with arguments: [getAQuote]
15:00:58 Invoking Teststep: And I wait for "5" seconds with arguments: [5]
15:00:58 Completed Teststep: And I click on "currencySelector" with arguments: [currencySelector]
15:00:58 Invoking Teststep: And I click on "infoCheckBox" with arguments: [infoCheckBox]
15:00:59 Completed Teststep: And I click on "infoCheckBox" with arguments: [infoCheckBox]
15:00:59 
/**
* Auto-generated code snippet by QMetry Automation Framework.
*/
@QAFTestStep(description="I take a screenshot")
public void iTakeAScreenshot(){
	//TODO: remove NotYetImplementedException and call test steps
	throw new NotYetImplementedException();
}
15:00:59 Competed scenario: FindDocInCigna with status FAILURE
15:01:02 Completed Teststep: And I wait "15" seconds to see the text "Quote" with arguments: [15, Quote]
15:01:02 Invoking Teststep: Then I click on "getAQuote" with arguments: [getAQuote]
15:01:03 Completed Teststep: And I wait for "5" seconds with arguments: [5]
15:01:03 Invoking Teststep: And I enter "John" to "FNameInput" with arguments: [John, FNameInput]
15:01:05 Completed Teststep: And I enter "John" to "FNameInput" with arguments: [John, FNameInput]
15:01:05 Invoking Teststep: And I enter "Jobs" to "LNameInput" with arguments: [Jobs, LNameInput]
15:01:05 Completed Teststep: Then I click on "getAQuote" with arguments: [getAQuote]
15:01:05 Invoking Teststep: And I wait for "5" seconds with arguments: [5]
15:01:05 Completed Teststep: And I enter "Jobs" to "LNameInput" with arguments: [Jobs, LNameInput]
15:01:05 Invoking Teststep: And I enter "test@email.com" to "EmailInput" with arguments: [test@email.com, EmailInput]
15:01:06 Completed Teststep: And I enter "test@email.com" to "EmailInput" with arguments: [test@email.com, EmailInput]
15:01:06 Invoking Teststep: And I click on "daySelector" with arguments: [daySelector]
15:01:06 Completed Teststep: And I click on "daySelector" with arguments: [daySelector]
15:01:06 Invoking Teststep: And I click on "monthSelector" with arguments: [monthSelector]
15:01:07 Completed Teststep: And I click on "monthSelector" with arguments: [monthSelector]
15:01:07 Invoking Teststep: And I click on "yearSelector" with arguments: [yearSelector]
15:01:08 Completed Teststep: And I click on "yearSelector" with arguments: [yearSelector]
15:01:08 Invoking Teststep: And I click on "codeSelector" with arguments: [codeSelector]
15:01:08 Completed Teststep: And I click on "codeSelector" with arguments: [codeSelector]
15:01:08 Invoking Teststep: And I enter "8888888888" to "phoneNumInput" with arguments: [8888888888, phoneNumInput]
15:01:09 Completed Teststep: And I enter "8888888888" to "phoneNumInput" with arguments: [8888888888, phoneNumInput]
15:01:09 Invoking Teststep: And I click on "nationSelector" with arguments: [nationSelector]
15:01:09 Completed Teststep: And I click on "nationSelector" with arguments: [nationSelector]
15:01:09 Invoking Teststep: And I click on "livingSelector" with arguments: [livingSelector]
15:01:10 Completed Teststep: And I wait for "5" seconds with arguments: [5]
15:01:10 Invoking Teststep: And I enter "John" to "FNameInput" with arguments: [John, FNameInput]
15:01:10 Completed Teststep: And I click on "livingSelector" with arguments: [livingSelector]
15:01:10 Invoking Teststep: And I click on "currencySelector" with arguments: [currencySelector]
15:01:11 Completed Teststep: And I click on "currencySelector" with arguments: [currencySelector]
15:01:11 Invoking Teststep: And I click on "infoCheckBox" with arguments: [infoCheckBox]
15:01:12 Completed Teststep: And I click on "infoCheckBox" with arguments: [infoCheckBox]
15:01:12 
/**
* Auto-generated code snippet by QMetry Automation Framework.
*/
@QAFTestStep(description="I take a screenshot")
public void iTakeAScreenshot(){
	//TODO: remove NotYetImplementedException and call test steps
	throw new NotYetImplementedException();
}
15:01:12 Competed scenario: FindDocInCigna with status FAILURE
15:01:12 Completed Teststep: And I enter "John" to "FNameInput" with arguments: [John, FNameInput]
15:01:12 Invoking Teststep: And I enter "Jobs" to "LNameInput" with arguments: [Jobs, LNameInput]
15:01:14 Completed Teststep: And I enter "Jobs" to "LNameInput" with arguments: [Jobs, LNameInput]
15:01:14 Invoking Teststep: And I enter "test@email.com" to "EmailInput" with arguments: [test@email.com, EmailInput]
15:01:16 Completed Teststep: And I enter "test@email.com" to "EmailInput" with arguments: [test@email.com, EmailInput]
15:01:16 Invoking Teststep: And I click on "daySelector" with arguments: [daySelector]
15:01:18 Completed Teststep: And I click on "daySelector" with arguments: [daySelector]
15:01:18 Invoking Teststep: And I click on "monthSelector" with arguments: [monthSelector]
15:01:19 Completed Teststep: And I click on "monthSelector" with arguments: [monthSelector]
15:01:19 Invoking Teststep: And I click on "yearSelector" with arguments: [yearSelector]
15:01:21 Completed Teststep: And I click on "yearSelector" with arguments: [yearSelector]
15:01:21 Invoking Teststep: And I click on "codeSelector" with arguments: [codeSelector]
15:01:23 Completed Teststep: And I click on "codeSelector" with arguments: [codeSelector]
15:01:23 Invoking Teststep: And I enter "8888888888" to "phoneNumInput" with arguments: [8888888888, phoneNumInput]
15:01:24 Completed Teststep: And I enter "8888888888" to "phoneNumInput" with arguments: [8888888888, phoneNumInput]
15:01:24 Invoking Teststep: And I click on "nationSelector" with arguments: [nationSelector]
15:01:26 Completed Teststep: And I click on "nationSelector" with arguments: [nationSelector]
15:01:26 Invoking Teststep: And I click on "livingSelector" with arguments: [livingSelector]
15:01:28 Completed Teststep: And I click on "livingSelector" with arguments: [livingSelector]
15:01:28 Invoking Teststep: And I click on "currencySelector" with arguments: [currencySelector]
15:01:30 Completed Teststep: And I click on "currencySelector" with arguments: [currencySelector]
15:01:30 Invoking Teststep: And I click on "infoCheckBox" with arguments: [infoCheckBox]
15:01:32 Completed Teststep: And I click on "infoCheckBox" with arguments: [infoCheckBox]
15:01:32 
/**
* Auto-generated code snippet by QMetry Automation Framework.
*/
@QAFTestStep(description="I take a screenshot")
public void iTakeAScreenshot(){
	//TODO: remove NotYetImplementedException and call test steps
	throw new NotYetImplementedException();
}
15:01:32 Competed scenario: FindDocInCigna with status FAILURE
15:05:40 

Executing scenario: FindDocInCigna - 
15:05:40 pkg: com.qmetry.qaf.automation.step
15:05:40 pkg: com.quantum.steps
15:05:40 Found duplicate step to load [] with [lower] prority then []
15:05:40 Found duplicate step to load [] with [lower] prority then []
15:05:40 Found duplicate step to load [] with [lower] prority then []
15:05:40 Found duplicate step to load [] with [lower] prority then []
15:05:40 Found duplicate step to load [] with [lower] prority then []
15:05:40 Found duplicate step to load [] with [higher] prority then []
15:05:40 Invoking Teststep: Given I open browser to webpage "https://www.cigna.com/" with arguments: [https://www.cigna.com/]
15:05:43 Completed Teststep: Given I open browser to webpage "https://www.cigna.com/" with arguments: [https://www.cigna.com/]
15:05:43 Invoking Teststep: And I wait "15" seconds to see the text "YOU SMILE" with arguments: [15, YOU SMILE]
15:05:52 Completed Teststep: And I wait "15" seconds to see the text "YOU SMILE" with arguments: [15, YOU SMILE]
15:05:52 Invoking Teststep: Then I click on "learnMoreGlobal" with arguments: [learnMoreGlobal]
15:05:52 Completed Teststep: Then I click on "learnMoreGlobal" with arguments: [learnMoreGlobal]
15:05:52 Invoking Teststep: And I wait "15" seconds to see the text "International" with arguments: [15, International]
15:05:53 Completed Teststep: And I wait "15" seconds to see the text "International" with arguments: [15, International]
15:05:53 Invoking Teststep: Then I click on "individualLearnMore" with arguments: [individualLearnMore]
15:05:53 Completed Teststep: Then I click on "individualLearnMore" with arguments: [individualLearnMore]
15:05:53 Invoking Teststep: And I wait "15" seconds to see the text "Quote" with arguments: [15, Quote]
15:05:54 Completed Teststep: And I wait "15" seconds to see the text "Quote" with arguments: [15, Quote]
15:05:54 Invoking Teststep: Then I click on "getAQuote" with arguments: [getAQuote]
15:06:09 Failure Teststep: Then I click on "getAQuote" with arguments: [getAQuote]
org.openqa.selenium.TimeoutException: Timed out after 15 seconds waiting for presence of element located by: By.xpath: /html/body/div[3]/div[1]/div[1]/div/div[2]/div/div/div[2]/a
Build info: version: '2.53.1', revision: 'a36b8b1cd5757287168e54b817830adce9b0158d', time: '2016-06-30 19:26:09'
System info: host: 'NB-JACKZ-OSX.local', ip: '172.21.31.29', os.name: 'Mac OS X', os.arch: 'x86_64', os.version: '10.13.4', java.version: '1.8.0_111'
Driver info: driver.version: QAFExtendedWebDriver
	at org.openqa.selenium.support.ui.FluentWait.timeoutException(FluentWait.java:292)
	at org.openqa.selenium.support.ui.FluentWait.until(FluentWait.java:261)
	at com.qmetry.qaf.automation.ui.webdriver.QAFExtendedWebDriver.load(QAFExtendedWebDriver.java:214)
	at com.qmetry.qaf.automation.ui.webdriver.QAFExtendedWebElement.load(QAFExtendedWebElement.java:284)
	at com.qmetry.qaf.automation.ui.webdriver.QAFExtendedWebElement.execute(QAFExtendedWebElement.java:239)
	at org.openqa.selenium.remote.RemoteWebElement.click(RemoteWebElement.java:85)
	at com.qmetry.qaf.automation.step.CommonStep.click_aroundBody50(CommonStep.java:648)
	at com.qmetry.qaf.automation.step.CommonStep$AjcClosure51.run(CommonStep.java:1)
	at org.aspectj.runtime.reflect.JoinPointImpl.proceed(JoinPointImpl.java:149)
	at com.qmetry.qaf.automation.step.JavaStepReporter.javaTestStep(JavaStepReporter.java:101)
	at com.qmetry.qaf.automation.step.CommonStep.click(CommonStep.java:647)
	at com.quantum.steps.PerfectoApplicationSteps.iClick(PerfectoApplicationSteps.java:242)
	at sun.reflect.GeneratedMethodAccessor4.invoke(Unknown Source)
	at sun.reflect.DelegatingMethodAccessorImpl.invoke(DelegatingMethodAccessorImpl.java:43)
	at java.lang.reflect.Method.invoke(Method.java:498)
	at com.qmetry.qaf.automation.step.JavaStep.doExecute(JavaStep.java:160)
	at com.qmetry.qaf.automation.step.BaseTestStep.execute(BaseTestStep.java:149)
	at com.qmetry.qaf.automation.step.StringTestStep.execute(StringTestStep.java:134)
	at com.qmetry.qaf.automation.step.client.Scenario.execute(Scenario.java:167)
	at com.qmetry.qaf.automation.step.client.Scenario.scenario(Scenario.java:219)
	at sun.reflect.NativeMethodAccessorImpl.invoke0(Native Method)
	at sun.reflect.NativeMethodAccessorImpl.invoke(NativeMethodAccessorImpl.java:62)
	at sun.reflect.DelegatingMethodAccessorImpl.invoke(DelegatingMethodAccessorImpl.java:43)
	at java.lang.reflect.Method.invoke(Method.java:498)
	at org.testng.internal.MethodInvocationHelper.invokeMethod(MethodInvocationHelper.java:104)
	at org.testng.internal.Invoker.invokeMethod(Invoker.java:645)
	at org.testng.internal.Invoker.invokeTestMethod(Invoker.java:851)
	at org.testng.internal.Invoker.invokeTestMethods(Invoker.java:1177)
	at org.testng.internal.TestMethodWorker.invokeTestMethods(TestMethodWorker.java:129)
	at org.testng.internal.TestMethodWorker.run(TestMethodWorker.java:112)
	at org.testng.TestRunner.privateRun(TestRunner.java:781)
	at org.testng.TestRunner.run(TestRunner.java:635)
	at org.testng.SuiteRunner.runTest(SuiteRunner.java:387)
	at org.testng.SuiteRunner.access$000(SuiteRunner.java:39)
	at org.testng.SuiteRunner$SuiteWorker.run(SuiteRunner.java:421)
	at org.testng.internal.thread.ThreadUtil$2.call(ThreadUtil.java:64)
	at java.util.concurrent.FutureTask.run(FutureTask.java:266)
	at java.util.concurrent.ThreadPoolExecutor.runWorker(ThreadPoolExecutor.java:1142)
	at java.util.concurrent.ThreadPoolExecutor$Worker.run(ThreadPoolExecutor.java:617)
	at java.lang.Thread.run(Thread.java:745)
Caused by: org.openqa.selenium.NoSuchElementException: No such element (WARNING: The server did not provide any stacktrace information)
Command duration or timeout: 15 milliseconds
For documentation on this error, please visit: http://seleniumhq.org/exceptions/no_such_element.html
Build info: version: '3.0.1', revision: '1969d75', time: '2016-10-18 09:48:19 -0700'
System info: host: 'DESKTOP-DT00GNV', ip: '100.66.184.204', os.name: 'Windows 10', os.arch: 'amd64', os.version: '10.0', java.version: '1.8.0_66'
Driver info: org.openqa.selenium.edge.EdgeDriver
Capabilities [{applicationCacheEnabled=true, InPrivate=false, pageLoadStrategy=normal, platform=ANY, acceptSslCerts=true, browserVersion=41.16299.15.0, platformVersion=10, locationContextEnabled=true, webStorageEnabled=true, browserName=MicrosoftEdge, takesScreenshot=true, takesElementScreenshot=true, platformName=windows}]
Session ID: 1E637F03-7370-4601-83EB-09975576050A
*** Element info: {Using=xpath, value=/html/body/div[3]/div[1]/div[1]/div/div[2]/div/div/div[2]/a}
For documentation on this error, please visit: http://seleniumhq.org/exceptions/no_such_element.html
Build info: version: '3.6.0', revision: '6fbf3ec767', time: '2017-09-27T15:28:36.4Z'
System info: host: 'd054f3f257fa', ip: '172.18.0.4', os.name: 'Linux', os.arch: 'amd64', os.version: '4.4.0-47-generic', java.version: '1.8.0_131'
Driver info: driver.version: EventFiringWebDriver
Command duration or timeout: 463 milliseconds
For documentation on this error, please visit: http://seleniumhq.org/exceptions/no_such_element.html
Build info: version: '2.53.1', revision: 'a36b8b1cd5757287168e54b817830adce9b0158d', time: '2016-06-30 19:26:09'
System info: host: 'NB-JACKZ-OSX.local', ip: '172.21.31.29', os.name: 'Mac OS X', os.arch: 'x86_64', os.version: '10.13.4', java.version: '1.8.0_111'
Driver info: com.qmetry.qaf.automation.ui.webdriver.QAFExtendedWebDriver
Capabilities [{reportPdfUrl=https://demo.reporting.perfectomobile.com/export/api/v1/test-executions/pdf?externalId[0]=jackz@perfectomobile.com_RemoteWebDriver_18-03-09_19_59_23_20592&_timestamp[0]=1520625563681, deviceName=1_97F8A7D1-5381-4AE2-8B37-80AE6C8DE180, platform=ANY, password=, deviceSessionId=jackz@perfectomobile.com_RemoteWebDriver_18-03-09_19_59_23_20592, platformVersion=10, browserVersion=16, automationName=Appium, host=demo.perfectomobile.com, singleTestReportUrl=https://demo.reporting.perfectomobile.com?externalId[0]=jackz@perfectomobile.com_RemoteWebDriver_18-03-09_19_59_23_20592&_timestamp[0]=1520625563681, takesScreenshot=true, browserName=Edge, javascriptEnabled=true, platformName=Windows, rotatable=true, testGridReportUrl=https://demo.reporting.perfectomobile.com?externalId[0]=jackz@perfectomobile.com_RemoteWebDriver_18-03-09_19_59_23_20592&_timestamp[0]=1520625563681, entityType=remote_web_driver, serverConnector=, securityToken=, executionId=jackz@perfectomobile.com_RemoteWebDriver_18-03-09_19_59_23_20592, webdriver.remote.sessionid=46daa7e1-994b-4ab6-85b1-bb2763c932e7, locationContextEnabled=true, scriptName=RemoteWebDriver, reportKey=jackz@perfectomobile.com_RemoteWebDriver_18-03-09_19_59_23_20592, windTunnelReportUrl=https://demo.reporting.perfectomobile.com?externalId[0]=jackz@perfectomobile.com_RemoteWebDriver_18-03-09_19_59_23_20592&_timestamp[0]=1520625563681, user=, cssSelectorsEnabled=true}]
Session ID: 46daa7e1-994b-4ab6-85b1-bb2763c932e7
*** Element info: {Using=xpath, value=/html/body/div[3]/div[1]/div[1]/div/div[2]/div/div/div[2]/a}
	at sun.reflect.GeneratedConstructorAccessor23.newInstance(Unknown Source)
	at sun.reflect.DelegatingConstructorAccessorImpl.newInstance(DelegatingConstructorAccessorImpl.java:45)
	at java.lang.reflect.Constructor.newInstance(Constructor.java:423)
	at org.openqa.selenium.remote.ErrorHandler.createThrowable(ErrorHandler.java:206)
	at org.openqa.selenium.remote.ErrorHandler.throwIfResponseFailed(ErrorHandler.java:158)
	at org.openqa.selenium.remote.RemoteWebDriver.execute(RemoteWebDriver.java:678)
	at com.qmetry.qaf.automation.ui.webdriver.QAFExtendedWebDriver.execute(QAFExtendedWebDriver.java:234)
	at org.openqa.selenium.remote.RemoteWebDriver.findElement(RemoteWebDriver.java:363)
	at org.openqa.selenium.remote.RemoteWebDriver.findElementByXPath(RemoteWebDriver.java:500)
	at com.qmetry.qaf.automation.ui.webdriver.QAFExtendedWebDriver.findElementByXPath(QAFExtendedWebDriver.java:398)
	at com.qmetry.qaf.automation.ui.webdriver.QAFExtendedWebDriver.findElementByXPath(QAFExtendedWebDriver.java:1)
	at org.openqa.selenium.By$ByXPath.findElement(By.java:361)
	at org.openqa.selenium.remote.RemoteWebDriver.findElement(RemoteWebDriver.java:355)
	at com.qmetry.qaf.automation.ui.webdriver.QAFExtendedWebDriver.findElement(QAFExtendedWebDriver.java:169)
	at com.qmetry.qaf.automation.ui.webdriver.QAFExtendedWebDriver.findElement(QAFExtendedWebDriver.java:1)
	at org.openqa.selenium.support.ui.ExpectedConditions.findElement(ExpectedConditions.java:899)
	at org.openqa.selenium.support.ui.ExpectedConditions.access$000(ExpectedConditions.java:41)
	at org.openqa.selenium.support.ui.ExpectedConditions$6.apply(ExpectedConditions.java:181)
	at org.openqa.selenium.support.ui.ExpectedConditions$6.apply(ExpectedConditions.java:178)
	at org.openqa.selenium.support.ui.FluentWait.until(FluentWait.java:238)
	... 38 more
Caused by: org.openqa.selenium.NoSuchElementException: No such element (WARNING: The server did not provide any stacktrace information)
Command duration or timeout: 15 milliseconds
For documentation on this error, please visit: http://seleniumhq.org/exceptions/no_such_element.html
Build info: version: '3.0.1', revision: '1969d75', time: '2016-10-18 09:48:19 -0700'
System info: host: 'DESKTOP-DT00GNV', ip: '100.66.184.204', os.name: 'Windows 10', os.arch: 'amd64', os.version: '10.0', java.version: '1.8.0_66'
Driver info: org.openqa.selenium.edge.EdgeDriver
Capabilities [{applicationCacheEnabled=true, InPrivate=false, pageLoadStrategy=normal, platform=ANY, acceptSslCerts=true, browserVersion=41.16299.15.0, platformVersion=10, locationContextEnabled=true, webStorageEnabled=true, browserName=MicrosoftEdge, takesScreenshot=true, takesElementScreenshot=true, platformName=windows}]
Session ID: 1E637F03-7370-4601-83EB-09975576050A
*** Element info: {Using=xpath, value=/html/body/div[3]/div[1]/div[1]/div/div[2]/div/div/div[2]/a}
For documentation on this error, please visit: http://seleniumhq.org/exceptions/no_such_element.html
Build info: version: '3.6.0', revision: '6fbf3ec767', time: '2017-09-27T15:28:36.4Z'
System info: host: 'd054f3f257fa', ip: '172.18.0.4', os.name: 'Linux', os.arch: 'amd64', os.version: '4.4.0-47-generic', java.version: '1.8.0_131'
Driver info: driver.version: EventFiringWebDriver
For documentation on this error, please visit: http://seleniumhq.org/exceptions/no_such_element.html
Build info: version: '2.53.1', revision: 'a36b8b1cd5757287168e54b817830adce9b0158d', time: '2016-06-30 19:26:09'
System info: host: 'NB-JACKZ-OSX.local', ip: '172.21.31.29', os.name: 'Mac OS X', os.arch: 'x86_64', os.version: '10.13.4', java.version: '1.8.0_111'
Driver info: driver.version: EventFiringWebDriver
	at sun.reflect.NativeConstructorAccessorImpl.newInstance0(Native Method)
	at sun.reflect.NativeConstructorAccessorImpl.newInstance(Unknown Source)
	at sun.reflect.DelegatingConstructorAccessorImpl.newInstance(Unknown Source)
	at java.lang.reflect.Constructor.newInstance(Unknown Source)
	at org.openqa.selenium.remote.ErrorHandler.createThrowable(ErrorHandler.java:216)
	at org.openqa.selenium.remote.ErrorHandler.throwIfResponseFailed(ErrorHandler.java:168)
	at org.openqa.selenium.remote.RemoteWebDriver.execute(RemoteWebDriver.java:635)
	at org.openqa.selenium.remote.RemoteWebDriver.findElement(RemoteWebDriver.java:368)
	at org.openqa.selenium.remote.RemoteWebDriver.findElementByXPath(RemoteWebDriver.java:473)
	at org.openqa.selenium.By$ByXPath.findElement(By.java:361)
	at org.openqa.selenium.remote.RemoteWebDriver.findElement(RemoteWebDriver.java:360)
	at sun.reflect.GeneratedMethodAccessor9.invoke(Unknown Source)
	at sun.reflect.DelegatingMethodAccessorImpl.invoke(Unknown Source)
	at java.lang.reflect.Method.invoke(Unknown Source)
	at org.openqa.selenium.support.events.EventFiringWebDriver$2.invoke(EventFiringWebDriver.java:103)
	at com.sun.proxy.$Proxy4.findElement(Unknown Source)
	at org.openqa.selenium.support.events.EventFiringWebDriver.findElement(EventFiringWebDriver.java:187)
	at org.openqa.selenium.remote.server.handler.FindElement.call(FindElement.java:48)
	at org.openqa.selenium.remote.server.handler.FindElement.call(FindElement.java:33)
	at java.util.concurrent.FutureTask.run(Unknown Source)
	at org.openqa.selenium.remote.server.DefaultSession$1.run(DefaultSession.java:176)
	at java.util.concurrent.ThreadPoolExecutor.runWorker(Unknown Source)
	at java.util.concurrent.ThreadPoolExecutor$Worker.run(Unknown Source)
	at java.lang.Thread.run(Unknown Source)
15:06:09 Completed Teststep: Then I click on "getAQuote" with arguments: [getAQuote]
15:06:09 Competed scenario: FindDocInCigna with status FAILURE
